<?xml version="1.0" encoding="UTF-8"?>
<!-- Generated by org.testng.reporters.JUnitReportReporter -->
<testsuite hostname="DESKTOP-DUL5SSQ" failures="0" tests="1" name="curs13.AssertionExemple" time="0.108" errors="0" timestamp="2023-06-23T17:22:18 EEST" skipped="0">
  <testcase classname="curs13.AssertionExemple" name="checkEquality" time="0.108"/>
</testsuite> <!-- curs13.AssertionExemple -->
